<?xml version="1.0" encoding="UTF-8"?>
<testng-results skipped="0" failed="0" total="1" passed="1">
  <reporter-output>
  </reporter-output>
  <suite name="Suite" duration-ms="133395" started-at="2017-12-29T13:37:56Z" finished-at="2017-12-29T13:40:10Z">
    <groups>
    </groups>
    <test name="Test1" duration-ms="133395" started-at="2017-12-29T13:37:56Z" finished-at="2017-12-29T13:40:10Z">
      <class name="Transfer.Amend_PrePay">
        <test-method status="PASS" signature="AmendPrepay(java.lang.String)[pri:0, instance:Transfer.Amend_PrePay@17d677df]" name="AmendPrepay" duration-ms="132690" started-at="2017-12-29T19:07:56Z" finished-at="2017-12-29T19:10:09Z">
          <params>
            <param index="0">
              <value>
                <![CDATA[CH]]>
              </value>
            </param>
          </params>
          <reporter-output>
          </reporter-output>
        </test-method> <!-- AmendPrepay -->
        <test-method status="PASS" signature="getResult(org.testng.ITestResult)[pri:0, instance:Transfer.Amend_PrePay@17d677df]" name="getResult" is-config="true" duration-ms="3" started-at="2017-12-29T19:10:09Z" finished-at="2017-12-29T19:10:09Z">
          <params>
            <param index="0">
              <value>
                <![CDATA[[TestResult name=AmendPrepay status=SUCCESS method=Amend_PrePay.AmendPrepay(java.lang.String)[pri:0, instance:Transfer.Amend_PrePay@17d677df] output={null}]]]>
              </value>
            </param>
          </params>
          <reporter-output>
          </reporter-output>
        </test-method> <!-- getResult -->
        <test-method status="PASS" signature="afterTest()[pri:0, instance:Transfer.Amend_PrePay@17d677df]" name="afterTest" is-config="true" duration-ms="672" started-at="2017-12-29T19:10:09Z" finished-at="2017-12-29T19:10:10Z">
          <reporter-output>
          </reporter-output>
        </test-method> <!-- afterTest -->
      </class> <!-- Transfer.Amend_PrePay -->
    </test> <!-- Test1 -->
  </suite> <!-- Suite -->
</testng-results>
